2018-11-14 19:50:13,636+0000 INFO  [jetty-main-1]  org.sonatype.nexus.events.EventSubscriberHost - Initialized
2018-11-14 19:50:14,081+0000 INFO  [jetty-main-1]  org.sonatype.nexus.NxApplication - 
-------------------------------------------------

Initializing Nexus Repository Manager OSS 2.14.10-01

-------------------------------------------------
2018-11-14 19:50:14,116+0000 INFO  [jetty-main-1]  org.sonatype.nexus.NxApplication - Activating locally installed plugins...
2018-11-14 19:51:03,122+0000 INFO  [jetty-main-1]  org.sonatype.nexus.plugins.bcprov.CryptoPlugin - Unlimited strength JCE policy detected
2018-11-14 19:51:37,004+0000 INFO  [jetty-main-1]  com.sun.jersey.server.impl.application.WebApplicationImpl - Initiating Jersey application, version 'Jersey: 1.17.1 02/28/2013 12:47 PM'
2018-11-14 19:52:08,698+0000 INFO  [jetty-main-1]  org.sonatype.nexus.kazuki.KazukiPlugin - Kazuki version: 0.1.8
2018-11-14 19:52:53,443+0000 INFO  [jetty-main-1]  org.sonatype.nexus.proxy.registry.DefaultRepositoryTypeRegistry - Registered Repository type RepositoryType=(org.sonatype.nexus.proxy.repository.GroupRepository:nuget-group).
2018-11-14 19:52:53,467+0000 INFO  [jetty-main-1]  org.sonatype.nexus.proxy.registry.DefaultRepositoryTypeRegistry - Registered Repository type RepositoryType=(org.sonatype.nexus.proxy.repository.ShadowRepository:nuget-shadow).
2018-11-14 19:52:53,472+0000 INFO  [jetty-main-1]  org.sonatype.nexus.proxy.registry.DefaultRepositoryTypeRegistry - Registered Repository type RepositoryType=(org.sonatype.nexus.proxy.repository.Repository:nuget-proxy).
2018-11-14 19:53:12,660+0000 INFO  [jetty-main-1]  org.sonatype.nexus.proxy.registry.DefaultRepositoryTypeRegistry - Registered Repository type RepositoryType=(org.sonatype.nexus.proxy.repository.GroupRepository:npm-group).
2018-11-14 19:53:12,661+0000 INFO  [jetty-main-1]  org.sonatype.nexus.proxy.registry.DefaultRepositoryTypeRegistry - Registered Repository type RepositoryType=(org.sonatype.nexus.proxy.repository.Repository:npm-hosted).
2018-11-14 19:53:12,663+0000 INFO  [jetty-main-1]  org.sonatype.nexus.proxy.registry.DefaultRepositoryTypeRegistry - Registered Repository type RepositoryType=(org.sonatype.nexus.proxy.repository.Repository:npm-proxy).
2018-11-14 19:53:14,909+0000 INFO  [jetty-main-1]  org.sonatype.nexus.proxy.registry.DefaultRepositoryTypeRegistry - Registered Repository type RepositoryType=(org.sonatype.nexus.proxy.repository.WebSiteRepository:site).
2018-11-14 19:53:36,247+0000 INFO  [jetty-main-1]  org.sonatype.nexus.proxy.registry.DefaultRepositoryTypeRegistry - Registered Repository type RepositoryType=(org.sonatype.nexus.proxy.repository.GroupRepository:rubygems-group).
2018-11-14 19:53:36,257+0000 INFO  [jetty-main-1]  org.sonatype.nexus.proxy.registry.DefaultRepositoryTypeRegistry - Registered Repository type RepositoryType=(org.sonatype.nexus.proxy.repository.Repository:rubygems-hosted).
2018-11-14 19:53:36,258+0000 INFO  [jetty-main-1]  org.sonatype.nexus.proxy.registry.DefaultRepositoryTypeRegistry - Registered Repository type RepositoryType=(org.sonatype.nexus.proxy.repository.Repository:rubygems-proxy).
2018-11-14 19:54:01,200+0000 INFO  [jetty-main-1]  org.sonatype.nexus.NxApplication - Plugin manager request "ACTIVATE" on plugin "com.sonatype.nexus.plugins:nexus-analytics-plugin:2.14.10-01" was successful.
2018-11-14 19:54:01,203+0000 INFO  [jetty-main-1]  org.sonatype.nexus.NxApplication - Plugin manager request "ACTIVATE" on plugin "org.sonatype.nexus.plugins:nexus-content-plugin:2.14.10-01" was successful.
2018-11-14 19:54:01,203+0000 INFO  [jetty-main-1]  org.sonatype.nexus.NxApplication - Plugin manager request "ACTIVATE" on plugin "org.sonatype.nexus.plugins:nexus-yum-repository-plugin:2.14.10-01" was successful.
2018-11-14 19:54:01,205+0000 INFO  [jetty-main-1]  org.sonatype.nexus.NxApplication - Plugin manager request "ACTIVATE" on plugin "com.sonatype.nexus.plugins:nexus-nuget-plugin:2.14.10-01" was successful.
2018-11-14 19:54:01,205+0000 INFO  [jetty-main-1]  org.sonatype.nexus.NxApplication - Plugin manager request "ACTIVATE" on plugin "org.sonatype.nexus.plugins:nexus-lvo-plugin:2.14.10-01" was successful.
2018-11-14 19:54:01,205+0000 INFO  [jetty-main-1]  org.sonatype.nexus.NxApplication - Plugin manager request "ACTIVATE" on plugin "org.sonatype.nexus.plugins:nexus-ldap-realm-plugin:2.14.10-01" was successful.
2018-11-14 19:54:01,215+0000 INFO  [jetty-main-1]  org.sonatype.nexus.NxApplication - Plugin manager request "ACTIVATE" on plugin "org.sonatype.nexus.plugins:nexus-restlet1x-plugin:2.14.10-01" was successful.
2018-11-14 19:54:01,218+0000 INFO  [jetty-main-1]  org.sonatype.nexus.NxApplication - Plugin manager request "ACTIVATE" on plugin "org.sonatype.nexus.plugins:nexus-wonderland-plugin:2.14.10-01" was successful.
2018-11-14 19:54:01,226+0000 INFO  [jetty-main-1]  org.sonatype.nexus.NxApplication - Plugin manager request "ACTIVATE" on plugin "org.sonatype.nexus.plugins:nexus-atlas-plugin:2.14.10-01" was successful.
2018-11-14 19:54:01,236+0000 INFO  [jetty-main-1]  org.sonatype.nexus.NxApplication - Plugin manager request "ACTIVATE" on plugin "org.sonatype.nexus.plugins:nexus-npm-repository-plugin:2.14.10-01" was successful.
2018-11-14 19:54:01,240+0000 INFO  [jetty-main-1]  org.sonatype.nexus.NxApplication - Plugin manager request "ACTIVATE" on plugin "org.sonatype.nexus.plugins:nexus-crypto-plugin:2.14.10-01" was successful.
2018-11-14 19:54:01,244+0000 INFO  [jetty-main-1]  org.sonatype.nexus.NxApplication - Plugin manager request "ACTIVATE" on plugin "org.sonatype.nexus.plugins:nexus-ui-extjs3-plugin:2.14.10-01" was successful.
2018-11-14 19:54:01,244+0000 INFO  [jetty-main-1]  org.sonatype.nexus.NxApplication - Plugin manager request "ACTIVATE" on plugin "org.sonatype.nexus.plugins:nexus-plugin-console-plugin:2.14.10-01" was successful.
2018-11-14 19:54:01,260+0000 INFO  [jetty-main-1]  org.sonatype.nexus.NxApplication - Plugin manager request "ACTIVATE" on plugin "org.sonatype.nexus.plugins:nexus-webresources-plugin:2.14.10-01" was successful.
2018-11-14 19:54:01,261+0000 INFO  [jetty-main-1]  org.sonatype.nexus.NxApplication - Plugin manager request "ACTIVATE" on plugin "org.sonatype.nexus.plugins:nexus-siesta-plugin:2.14.10-01" was successful.
2018-11-14 19:54:01,261+0000 INFO  [jetty-main-1]  org.sonatype.nexus.NxApplication - Plugin manager request "ACTIVATE" on plugin "org.sonatype.nexus.plugins:nexus-site-repository-plugin:2.14.10-01" was successful.
2018-11-14 19:54:01,264+0000 INFO  [jetty-main-1]  org.sonatype.nexus.NxApplication - Plugin manager request "ACTIVATE" on plugin "com.sonatype.nexus.plugins:nexus-iq-repository-oss-plugin:2.14.10-01" was successful.
2018-11-14 19:54:01,274+0000 INFO  [jetty-main-1]  org.sonatype.nexus.NxApplication - Plugin manager request "ACTIVATE" on plugin "org.sonatype.nexus.plugins:nexus-timeline-plugin:2.14.10-01" was successful.
2018-11-14 19:54:01,275+0000 INFO  [jetty-main-1]  org.sonatype.nexus.NxApplication - Plugin manager request "ACTIVATE" on plugin "org.sonatype.nexus.plugins:nexus-orient-plugin:2.14.10-01" was successful.
2018-11-14 19:54:01,277+0000 INFO  [jetty-main-1]  org.sonatype.nexus.NxApplication - Plugin manager request "ACTIVATE" on plugin "org.sonatype.nexus.plugins:nexus-kazuki-plugin:2.14.10-01" was successful.
2018-11-14 19:54:01,279+0000 INFO  [jetty-main-1]  org.sonatype.nexus.NxApplication - Plugin manager request "ACTIVATE" on plugin "com.sonatype.nexus.plugins:nexus-outreach-plugin:2.14.10-01" was successful.
2018-11-14 19:54:01,287+0000 INFO  [jetty-main-1]  org.sonatype.nexus.NxApplication - Plugin manager request "ACTIVATE" on plugin "org.sonatype.nexus.plugins:nexus-ruby-plugin:2.14.10-01" was successful.
2018-11-14 19:54:01,299+0000 INFO  [jetty-main-1]  org.sonatype.nexus.NxApplication - Plugin manager request "ACTIVATE" on plugin "org.sonatype.nexus.plugins:nexus-indexer-lucene-plugin:2.14.10-01" was successful.
2018-11-14 19:54:01,300+0000 INFO  [jetty-main-1]  org.sonatype.nexus.NxApplication - Plugin manager request "ACTIVATE" on plugin "org.sonatype.nexus.plugins:nexus-logging-plugin:2.14.10-01" was successful.
2018-11-14 19:54:01,309+0000 INFO  [jetty-main-1]  org.sonatype.nexus.NxApplication - Plugin manager request "ACTIVATE" on plugin "org.sonatype.nexus.plugins:nexus-archetype-plugin:2.14.10-01" was successful.
2018-11-14 19:54:01,318+0000 INFO  [jetty-main-1]  org.sonatype.nexus.NxApplication - Plugin manager request "ACTIVATE" on plugin "org.sonatype.nexus.plugins:nexus-capabilities-plugin:2.14.10-01" was successful.
2018-11-14 19:54:01,319+0000 INFO  [jetty-main-1]  org.sonatype.nexus.NxApplication - Plugin manager request "ACTIVATE" on plugin "org.sonatype.nexus.plugins:nexus-maven-bridge-plugin:2.14.10-01" was successful.
2018-11-14 19:54:01,320+0000 INFO  [jetty-main-1]  org.sonatype.nexus.NxApplication - Plugin manager request "ACTIVATE" on plugin "org.sonatype.nexus.plugins:nexus-rutauth-plugin:2.14.10-01" was successful.
2018-11-14 19:54:01,323+0000 INFO  [jetty-main-1]  org.sonatype.nexus.NxApplication - Plugin manager request "ACTIVATE" on plugin "org.sonatype.nexus.plugins:nexus-h2-plugin:2.14.10-01" was successful.
2018-11-14 19:54:01,325+0000 INFO  [jetty-main-1]  org.sonatype.nexus.NxApplication - Plugin manager request "ACTIVATE" on plugin "org.sonatype.nexus.plugins:nexus-groovy-plugin:2.14.10-01" was successful.
2018-11-14 19:54:01,327+0000 INFO  [jetty-main-1]  org.sonatype.nexus.NxApplication - Plugin manager request "ACTIVATE" on plugin "com.sonatype.nexus.plugins:nexus-migrationagent-plugin:2.14.10-01" was successful.
2018-11-14 19:54:01,330+0000 INFO  [jetty-main-1]  org.sonatype.nexus.NxApplication - Plugin manager request "ACTIVATE" on plugin "org.sonatype.nexus.plugins:nexus-rrb-plugin:2.14.10-01" was successful.
2018-11-14 19:54:01,350+0000 INFO  [jetty-main-1]  org.sonatype.nexus.events.EventSubscriberHost - Starting
2018-11-14 19:54:06,815+0000 INFO  [jetty-main-1]  org.sonatype.nexus.timeline.DefaultNexusTimeline - Initializing Nexus Timeline...
2018-11-14 19:54:06,834+0000 INFO  [jetty-main-1]  org.sonatype.nexus.timeline.DefaultNexusTimeline - Starting Nexus Timeline...
2018-11-14 19:54:10,569+0000 INFO  [jetty-main-1]  org.sonatype.timeline.internal.DefaultTimeline - Started Timeline...
2018-11-14 19:54:12,101+0000 INFO  [jetty-main-1]  org.sonatype.nexus.apachehttpclient.Hc4ProviderImpl - Started (connectionPoolMaxSize 200, connectionPoolSize 20, connectionPoolIdleTime 30000 ms, connectionPoolTimeout 30000 ms, keepAliveMaxDuration 30000 ms)
2018-11-14 19:54:26,048+0000 INFO  [jetty-main-1]  org.sonatype.nexus.orient.DatabaseServerImpl - OrientDB version: 2.1.14
2018-11-14 19:54:26,700+0000 INFO  [jetty-main-1]  com.orientechnologies.orient.server.OServer - OrientDB Server v2.1.14 is starting up...
2018-11-14 19:54:26,858+0000 INFO  [jetty-main-1]  com.orientechnologies.orient.server.OServer - Databases directory: /sonatype-work/db
2018-11-14 19:54:27,147+0000 INFO  [jetty-main-1]  com.orientechnologies.orient.server.handler.OJMXPlugin - JMX plugin installed and active: profilerManaged=true
2018-11-14 19:54:27,189+0000 INFO  [jetty-main-1]  com.orientechnologies.orient.server.OServer - OrientDB Server v2.1.14 is active.
2018-11-14 19:54:27,209+0000 INFO  [jetty-main-1]  org.sonatype.nexus.orient.DatabaseServerImpl - Activated
2018-11-14 19:54:27,216+0000 INFO  [jetty-main-1]  org.sonatype.nexus.configuration.application.DefaultNexusConfiguration - Loading Nexus Configuration...
2018-11-14 19:54:27,471+0000 INFO  [jetty-main-1]  org.sonatype.nexus.configuration.source.StaticConfigurationSource - Configuration loaded successfully.
2018-11-14 19:54:27,568+0000 INFO  [jetty-main-1]  org.sonatype.nexus.configuration.source.FileConfigurationSource - Configuration loaded successfully.
2018-11-14 19:54:30,118+0000 INFO  [jetty-main-1]  org.sonatype.nexus.configuration.source.FileConfigurationSource - Nexus configuration validated successfully.
2018-11-14 19:54:30,842+0000 INFO  [jetty-main-1]  org.sonatype.nexus.configuration.application.DefaultNexusConfiguration - Applying Nexus Configuration...
2018-11-14 19:54:30,881+0000 INFO  [jetty-main-1]  org.sonatype.security.configuration.source.FileSecurityConfigurationSource - Loading Security configuration from /sonatype-work/conf/security-configuration.xml
2018-11-14 19:54:30,969+0000 INFO  [jetty-main-1]  org.apache.shiro.cache.ehcache.EhCacheManager - Cache with name 'XmlAuthenticatingRealm.authorizationCache' does not yet exist.  Creating now.
2018-11-14 19:54:31,004+0000 INFO  [jetty-main-1]  org.apache.shiro.cache.ehcache.EhCacheManager - Added EhCache named [XmlAuthenticatingRealm.authorizationCache]
2018-11-14 19:54:31,012+0000 INFO  [jetty-main-1]  org.apache.shiro.cache.ehcache.EhCacheManager - Cache with name 'XmlAuthorizingRealm.authorizationCache' does not yet exist.  Creating now.
2018-11-14 19:54:31,045+0000 INFO  [jetty-main-1]  org.apache.shiro.cache.ehcache.EhCacheManager - Added EhCache named [XmlAuthorizingRealm.authorizationCache]
2018-11-14 19:54:31,598+0000 INFO  [jetty-main-1]  org.sonatype.nexus.proxy.attributes.DefaultLSAttributeStorage - Default FS AttributeStorage in place, using JacksonJSON marshaller. 
2018-11-14 19:54:36,143+0000 INFO  [jetty-main-1]  org.sonatype.nexus.proxy.registry.DefaultRepositoryRegistry - Added repository "Central" [id=central][contentClass=Maven2][mainFacet=org.sonatype.nexus.proxy.maven.MavenProxyRepository]
2018-11-14 19:54:36,792+0000 INFO  [jetty-main-1]  org.sonatype.nexus.proxy.registry.DefaultRepositoryRegistry - Added repository "Apache Snapshots" [id=apache-snapshots][contentClass=Maven2][mainFacet=org.sonatype.nexus.proxy.maven.MavenProxyRepository]
2018-11-14 19:54:37,552+0000 INFO  [jetty-main-1]  org.sonatype.nexus.proxy.registry.DefaultRepositoryRegistry - Added repository "Releases" [id=releases][contentClass=Maven2][mainFacet=org.sonatype.nexus.proxy.maven.MavenHostedRepository]
2018-11-14 19:54:38,154+0000 INFO  [jetty-main-1]  org.sonatype.nexus.proxy.registry.DefaultRepositoryRegistry - Added repository "Snapshots" [id=snapshots][contentClass=Maven2][mainFacet=org.sonatype.nexus.proxy.maven.MavenHostedRepository]
2018-11-14 19:54:38,969+0000 INFO  [jetty-main-1]  org.sonatype.nexus.proxy.registry.DefaultRepositoryRegistry - Added repository "3rd party" [id=thirdparty][contentClass=Maven2][mainFacet=org.sonatype.nexus.proxy.maven.MavenHostedRepository]
2018-11-14 19:54:39,288+0000 INFO  [jetty-main-1]  org.sonatype.nexus.proxy.registry.DefaultRepositoryRegistry - Added repository "Central M1 shadow" [id=central-m1][contentClass=Maven1][mainFacet=org.sonatype.nexus.proxy.maven.MavenShadowRepository]
2018-11-14 19:54:39,905+0000 INFO  [jetty-main-1]  org.sonatype.nexus.proxy.registry.DefaultRepositoryRegistry - Added repository "Public Repositories" [id=public][contentClass=Maven2][mainFacet=org.sonatype.nexus.proxy.repository.GroupRepository]
2018-11-14 19:54:39,909+0000 INFO  [jetty-main-1]  org.sonatype.scheduling.DefaultScheduler - Initializing Scheduler...
2018-11-14 19:54:39,912+0000 INFO  [jetty-main-1]  org.sonatype.nexus.scheduling.internal.DefaultTaskConfigManager - 0 task(s) to load.
2018-11-14 19:54:39,922+0000 INFO  [jetty-main-1]  org.sonatype.nexus.NxApplication - Nexus Work Directory : /sonatype-work
2018-11-14 19:54:39,923+0000 INFO  [jetty-main-1]  org.sonatype.nexus.NxApplication - Started Nexus Repository Manager OSS 2.14.10-01
2018-11-14 19:54:46,467+0000 INFO  [jetty-main-1]  com.sonatype.nexus.plugins.nuget.odata.NugetODataGalleryMigrator - Starting Nuget DB migration.
2018-11-14 19:54:46,549+0000 INFO  [jetty-main-1]  com.sonatype.nexus.plugins.nuget.odata.NugetODataGalleryMigrator - Completed Nuget DB migration.
2018-11-14 19:54:49,896+0000 INFO  [jetty-main-1]  org.sonatype.nexus.webapp.WebappBootstrap - Initialized
2018-11-14 19:54:57,281+0000 INFO  [jetty-main-1]  org.sonatype.nexus.rest.NexusApplication_UriMatching - Strict URI matching: true
2018-11-14 19:54:58,353+0000 INFO  [ar-7-thread-3] *TASK org.sonatype.nexus.proxy.storage.remote.httpclient.HttpClientRemoteStorage - Initializing remote transport for proxy repository "Apache Snapshots" [id=apache-snapshots]...
2018-11-14 19:54:59,842+0000 INFO  [ar-7-thread-2] *TASK org.sonatype.nexus.proxy.storage.remote.httpclient.HttpClientRemoteStorage - Initializing remote transport for proxy repository "Central" [id=central]...
2018-11-14 19:55:02,046+0000 INFO  [jetty-main-1]  org.sonatype.nexus.configuration.ModelUtils - Loading model /sonatype-work/conf/ldap.xml
2018-11-14 19:55:02,516+0000 INFO  [jetty-main-1]  org.sonatype.nexus.configuration.ModelUtils - Loading model /sonatype-work/conf/lvo-plugin.xml
2018-11-14 19:55:07,302+0000 INFO  [jetty-main-1]  org.sonatype.nexus.plugins.siesta.SiestaModule - Resources:
2018-11-14 19:55:07,305+0000 INFO  [jetty-main-1]  org.sonatype.nexus.plugins.siesta.SiestaModule -   /service/siesta/analytics/events
2018-11-14 19:55:07,307+0000 INFO  [jetty-main-1]  org.sonatype.nexus.plugins.siesta.SiestaModule -   /service/siesta/analytics/settings
2018-11-14 19:55:07,310+0000 INFO  [jetty-main-1]  org.sonatype.nexus.plugins.siesta.SiestaModule -   /service/siesta/atlas/security-diagnostic
2018-11-14 19:55:07,314+0000 INFO  [jetty-main-1]  org.sonatype.nexus.plugins.siesta.SiestaModule -   /service/siesta/atlas/support-zip
2018-11-14 19:55:07,321+0000 INFO  [jetty-main-1]  org.sonatype.nexus.plugins.siesta.SiestaModule -   /service/siesta/atlas/system-information
2018-11-14 19:55:07,327+0000 INFO  [jetty-main-1]  org.sonatype.nexus.plugins.siesta.SiestaModule -   /service/siesta/capabilities
2018-11-14 19:55:07,330+0000 INFO  [jetty-main-1]  org.sonatype.nexus.plugins.siesta.SiestaModule -   /service/siesta/capabilities/stores
2018-11-14 19:55:07,332+0000 INFO  [jetty-main-1]  org.sonatype.nexus.plugins.siesta.SiestaModule -   /service/siesta/capabilities/types
2018-11-14 19:55:07,332+0000 INFO  [jetty-main-1]  org.sonatype.nexus.plugins.siesta.SiestaModule -   /service/siesta/clm
2018-11-14 19:55:07,332+0000 INFO  [jetty-main-1]  org.sonatype.nexus.plugins.siesta.SiestaModule -   /service/siesta/clm/applications
2018-11-14 19:55:07,337+0000 INFO  [jetty-main-1]  org.sonatype.nexus.plugins.siesta.SiestaModule -   /service/siesta/clm/firewall
2018-11-14 19:55:07,338+0000 INFO  [jetty-main-1]  org.sonatype.nexus.plugins.siesta.SiestaModule -   /service/siesta/healthcheck/gaDetails
2018-11-14 19:55:07,347+0000 INFO  [jetty-main-1]  org.sonatype.nexus.plugins.siesta.SiestaModule -   /service/siesta/healthcheck/gavDetails
2018-11-14 19:55:07,351+0000 INFO  [jetty-main-1]  org.sonatype.nexus.plugins.siesta.SiestaModule -   /service/siesta/healthcheck/healthCheckEula
2018-11-14 19:55:07,352+0000 INFO  [jetty-main-1]  org.sonatype.nexus.plugins.siesta.SiestaModule -   /service/siesta/healthcheck/healthCheckInfo
2018-11-14 19:55:07,354+0000 INFO  [jetty-main-1]  org.sonatype.nexus.plugins.siesta.SiestaModule -   /service/siesta/healthcheck/healthCheckStatus
2018-11-14 19:55:07,354+0000 INFO  [jetty-main-1]  org.sonatype.nexus.plugins.siesta.SiestaModule -   /service/siesta/healthcheck/healthCheckSummary/{repositoryId}/{path:.*}
2018-11-14 19:55:07,365+0000 INFO  [jetty-main-1]  org.sonatype.nexus.plugins.siesta.SiestaModule -   /service/siesta/logging/log
2018-11-14 19:55:07,382+0000 INFO  [jetty-main-1]  org.sonatype.nexus.plugins.siesta.SiestaModule -   /service/siesta/logging/loggers
2018-11-14 19:55:07,384+0000 INFO  [jetty-main-1]  org.sonatype.nexus.plugins.siesta.SiestaModule -   /service/siesta/migrationagent/configuration
2018-11-14 19:55:07,398+0000 INFO  [jetty-main-1]  org.sonatype.nexus.plugins.siesta.SiestaModule -   /service/siesta/migrationagent/repository
2018-11-14 19:55:07,402+0000 INFO  [jetty-main-1]  org.sonatype.nexus.plugins.siesta.SiestaModule -   /service/siesta/migrationagent/repository-changelog
2018-11-14 19:55:07,410+0000 INFO  [jetty-main-1]  org.sonatype.nexus.plugins.siesta.SiestaModule -   /service/siesta/migrationagent/repository-content
2018-11-14 19:55:07,411+0000 INFO  [jetty-main-1]  org.sonatype.nexus.plugins.siesta.SiestaModule -   /service/siesta/migrationagent/repository-migration
2018-11-14 19:55:07,411+0000 INFO  [jetty-main-1]  org.sonatype.nexus.plugins.siesta.SiestaModule -   /service/siesta/migrationagent/status
2018-11-14 19:55:07,412+0000 INFO  [jetty-main-1]  org.sonatype.nexus.plugins.siesta.SiestaModule -   /service/siesta/wonderland/authenticate
2018-11-14 19:55:07,413+0000 INFO  [jetty-main-1]  org.sonatype.nexus.plugins.siesta.SiestaModule -   /service/siesta/wonderland/download
2018-11-14 19:55:07,414+0000 INFO  [jetty-main-1]  org.sonatype.nexus.plugins.siesta.SiestaModule -   /service/siesta/wonderland/settings
2018-11-14 19:55:07,422+0000 INFO  [jetty-main-1]  org.sonatype.nexus.plugins.siesta.SiestaModule - Components:
2018-11-14 19:55:07,432+0000 INFO  [jetty-main-1]  org.sonatype.nexus.plugins.siesta.SiestaModule -   org.sonatype.nexus.plugins.capabilities.internal.rest.CapabilityNotFoundExceptionMapper
2018-11-14 19:55:07,433+0000 INFO  [jetty-main-1]  org.sonatype.nexus.plugins.siesta.SiestaModule -   org.sonatype.nexus.plugins.siesta.AuthorizationExceptionMapper
2018-11-14 19:55:07,434+0000 INFO  [jetty-main-1]  org.sonatype.nexus.plugins.siesta.SiestaModule -   org.sonatype.nexus.plugins.siesta.ErrorStatusRuntimeExceptionMapper
2018-11-14 19:55:07,440+0000 INFO  [jetty-main-1]  org.sonatype.nexus.plugins.siesta.SiestaModule -   org.sonatype.nexus.plugins.siesta.InvalidConfigurationExceptionMapper
2018-11-14 19:55:07,441+0000 INFO  [jetty-main-1]  org.sonatype.nexus.plugins.siesta.SiestaModule -   org.sonatype.nexus.plugins.siesta.NoSuchRepositoryExceptionMapper
2018-11-14 19:55:07,441+0000 INFO  [jetty-main-1]  org.sonatype.nexus.plugins.siesta.SiestaModule -   org.sonatype.sisu.siesta.jackson.JacksonProvider
2018-11-14 19:55:07,442+0000 INFO  [jetty-main-1]  org.sonatype.nexus.plugins.siesta.SiestaModule -   org.sonatype.sisu.siesta.server.internal.mappers.BadRequestExceptionMapper
2018-11-14 19:55:07,442+0000 INFO  [jetty-main-1]  org.sonatype.nexus.plugins.siesta.SiestaModule -   org.sonatype.sisu.siesta.server.internal.mappers.ConstraintViolationExceptionMapper
2018-11-14 19:55:07,442+0000 INFO  [jetty-main-1]  org.sonatype.nexus.plugins.siesta.SiestaModule -   org.sonatype.sisu.siesta.server.internal.mappers.InvalidObjectExceptionMapper
2018-11-14 19:55:07,442+0000 INFO  [jetty-main-1]  org.sonatype.nexus.plugins.siesta.SiestaModule -   org.sonatype.sisu.siesta.server.internal.mappers.ObjectNotFoundExceptionMapper
2018-11-14 19:55:07,443+0000 INFO  [jetty-main-1]  org.sonatype.nexus.plugins.siesta.SiestaModule -   org.sonatype.sisu.siesta.server.internal.mappers.ThrowableExceptionMapper
2018-11-14 19:55:07,443+0000 INFO  [jetty-main-1]  org.sonatype.nexus.plugins.siesta.SiestaModule -   org.sonatype.sisu.siesta.server.internal.mappers.ValidationErrorsExceptionMapper
2018-11-14 19:55:07,455+0000 INFO  [jetty-main-1]  org.sonatype.nexus.plugins.siesta.SiestaModule -   org.sonatype.sisu.siesta.server.internal.mappers.WebApplicationExceptionMapper
2018-11-14 19:55:07,458+0000 INFO  [jetty-main-1]  org.sonatype.nexus.plugins.siesta.SiestaModule -   org.sonatype.sisu.siesta.server.internal.mappers.WebApplicationMessageExceptionMapper
2018-11-14 19:55:18,096+0000 INFO  [jetty-main-1]  org.sonatype.nexus.webresources.internal.WebResourceServiceImpl - Discovered 1978 resources
2018-11-14 19:55:18,119+0000 INFO  [jetty-main-1]  org.sonatype.nexus.webresources.internal.WebResourceServlet - Max-age: 30 days (2592000 seconds)
2018-11-14 19:55:18,620+0000 INFO  [jetty-main-1]  org.sonatype.nexus.bootstrap.jetty.InstrumentedSelectChannelConnector - Metrics enabled
2018-11-14 19:55:18,890+0000 INFO  [jetty-main-1]  org.eclipse.jetty.server.AbstractConnector - Started InstrumentedSelectChannelConnector@0.0.0.0:8081
2018-11-14 19:55:18,891+0000 INFO  [main] *SYSTEM org.sonatype.nexus.bootstrap.jetty.JettyServer - Started
2018-11-14 19:55:18,893+0000 INFO  [jetty-main-1]  org.sonatype.nexus.bootstrap.jetty.JettyServer - Running
2018-11-14 20:03:47,340+0000 INFO  [qtp1715998167-51]  org.apache.shiro.nexus5727.FixedDefaultWebSessionManager - Global session timeout: 1800000 ms
2018-11-14 20:03:47,346+0000 INFO  [qtp1715998167-51]  org.apache.shiro.session.mgt.AbstractValidatingSessionManager - Enabling session validation scheduler...
2018-11-14 20:03:47,396+0000 INFO  [qtp1715998167-51] *UNKNOWN org.sonatype.security.model.source.FileModelConfigurationSource - Loading security configuration from: /sonatype-work/conf/security.xml
2018-11-14 20:04:01,547+0000 INFO  [qtp1715998167-53] admin /nexus - nexus: [Noelios Restlet Engine] - Attaching application: org.sonatype.nexus.rest.NexusApplication@7df7ed04 to URI: /nexus/service/local
2018-11-14 20:58:30,382+0000 INFO  [qtp1715998167-53] *UNKNOWN org.sonatype.nexus.velocity.VelocityEngineProvider - Creating Nexus VelocityEngine
2018-11-14 20:58:46,256+0000 INFO  [qtp1715998167-76] *UNKNOWN org.apache.shiro.cache.ehcache.EhCacheManager - Using existing EHCache named [shiro-activeSessionCache]
2018-11-14 21:01:49,489+0000 INFO  [qtp1715998167-53] admin org.sonatype.nexus.rest.repositories.RepositoryContentPlexusResource - Storage item(s) on path "/org" (and below) were deleted from repository [releases]
