2017-01-04 11:51:18,281+0000 INFO  [jetty-main-1] *SYSTEM org.sonatype.nexus.events.EventSubscriberHost - Initialized
2017-01-04 11:51:18,287+0000 INFO  [jetty-main-1] *SYSTEM org.sonatype.nexus.NxApplication - 
-------------------------------------------------

Initializing Nexus Repository Manager OSS 2.14.2-01

-------------------------------------------------
2017-01-04 11:51:18,287+0000 INFO  [jetty-main-1] *SYSTEM org.sonatype.nexus.NxApplication - Activating locally installed plugins...
2017-01-04 11:51:23,749+0000 INFO  [jetty-main-1] *SYSTEM org.sonatype.nexus.kazuki.KazukiPlugin - Kazuki version: 0.1.8
2017-01-04 11:51:26,554+0000 INFO  [jetty-main-1] *SYSTEM org.sonatype.nexus.proxy.registry.DefaultRepositoryTypeRegistry - Registered Repository type RepositoryType=(org.sonatype.nexus.proxy.repository.WebSiteRepository:site).
2017-01-04 11:51:32,982+0000 INFO  [jetty-main-1] *SYSTEM org.sonatype.nexus.proxy.registry.DefaultRepositoryTypeRegistry - Registered Repository type RepositoryType=(org.sonatype.nexus.proxy.repository.GroupRepository:npm-group).
2017-01-04 11:51:33,004+0000 INFO  [jetty-main-1] *SYSTEM org.sonatype.nexus.proxy.registry.DefaultRepositoryTypeRegistry - Registered Repository type RepositoryType=(org.sonatype.nexus.proxy.repository.Repository:npm-hosted).
2017-01-04 11:51:33,004+0000 INFO  [jetty-main-1] *SYSTEM org.sonatype.nexus.proxy.registry.DefaultRepositoryTypeRegistry - Registered Repository type RepositoryType=(org.sonatype.nexus.proxy.repository.Repository:npm-proxy).
2017-01-04 11:51:36,020+0000 INFO  [jetty-main-1] *SYSTEM com.sun.jersey.server.impl.application.WebApplicationImpl - Initiating Jersey application, version 'Jersey: 1.17.1 02/28/2013 12:47 PM'
2017-01-04 11:51:55,700+0000 INFO  [jetty-main-1] *SYSTEM org.sonatype.nexus.proxy.registry.DefaultRepositoryTypeRegistry - Registered Repository type RepositoryType=(org.sonatype.nexus.proxy.repository.GroupRepository:nuget-group).
2017-01-04 11:51:55,713+0000 INFO  [jetty-main-1] *SYSTEM org.sonatype.nexus.proxy.registry.DefaultRepositoryTypeRegistry - Registered Repository type RepositoryType=(org.sonatype.nexus.proxy.repository.ShadowRepository:nuget-shadow).
2017-01-04 11:51:55,714+0000 INFO  [jetty-main-1] *SYSTEM org.sonatype.nexus.proxy.registry.DefaultRepositoryTypeRegistry - Registered Repository type RepositoryType=(org.sonatype.nexus.proxy.repository.Repository:nuget-proxy).
2017-01-04 11:51:57,821+0000 INFO  [jetty-main-1] *SYSTEM org.sonatype.nexus.proxy.registry.DefaultRepositoryTypeRegistry - Registered Repository type RepositoryType=(org.sonatype.nexus.proxy.repository.GroupRepository:rubygems-group).
2017-01-04 11:51:57,836+0000 INFO  [jetty-main-1] *SYSTEM org.sonatype.nexus.proxy.registry.DefaultRepositoryTypeRegistry - Registered Repository type RepositoryType=(org.sonatype.nexus.proxy.repository.Repository:rubygems-hosted).
2017-01-04 11:51:57,837+0000 INFO  [jetty-main-1] *SYSTEM org.sonatype.nexus.proxy.registry.DefaultRepositoryTypeRegistry - Registered Repository type RepositoryType=(org.sonatype.nexus.proxy.repository.Repository:rubygems-proxy).
2017-01-04 11:52:14,488+0000 INFO  [jetty-main-1] *SYSTEM org.sonatype.nexus.NxApplication - Plugin manager request "ACTIVATE" on plugin "org.sonatype.nexus.plugins:nexus-kazuki-plugin:2.14.2-01" was successful.
2017-01-04 11:52:14,503+0000 INFO  [jetty-main-1] *SYSTEM org.sonatype.nexus.NxApplication - Plugin manager request "ACTIVATE" on plugin "org.sonatype.nexus.plugins:nexus-site-repository-plugin:2.14.2-01" was successful.
2017-01-04 11:52:14,503+0000 INFO  [jetty-main-1] *SYSTEM org.sonatype.nexus.NxApplication - Plugin manager request "ACTIVATE" on plugin "org.sonatype.nexus.plugins:nexus-webresources-plugin:2.14.2-01" was successful.
2017-01-04 11:52:14,504+0000 INFO  [jetty-main-1] *SYSTEM org.sonatype.nexus.NxApplication - Plugin manager request "ACTIVATE" on plugin "org.sonatype.nexus.plugins:nexus-npm-repository-plugin:2.14.2-01" was successful.
2017-01-04 11:52:14,504+0000 INFO  [jetty-main-1] *SYSTEM org.sonatype.nexus.NxApplication - Plugin manager request "ACTIVATE" on plugin "org.sonatype.nexus.plugins:nexus-capabilities-plugin:2.14.2-01" was successful.
2017-01-04 11:52:14,504+0000 INFO  [jetty-main-1] *SYSTEM org.sonatype.nexus.NxApplication - Plugin manager request "ACTIVATE" on plugin "org.sonatype.nexus.plugins:nexus-orient-plugin:2.14.2-01" was successful.
2017-01-04 11:52:14,504+0000 INFO  [jetty-main-1] *SYSTEM org.sonatype.nexus.NxApplication - Plugin manager request "ACTIVATE" on plugin "org.sonatype.nexus.plugins:nexus-wonderland-plugin:2.14.2-01" was successful.
2017-01-04 11:52:14,504+0000 INFO  [jetty-main-1] *SYSTEM org.sonatype.nexus.NxApplication - Plugin manager request "ACTIVATE" on plugin "org.sonatype.nexus.plugins:nexus-yum-repository-plugin:2.14.2-01" was successful.
2017-01-04 11:52:14,504+0000 INFO  [jetty-main-1] *SYSTEM org.sonatype.nexus.NxApplication - Plugin manager request "ACTIVATE" on plugin "org.sonatype.nexus.plugins:nexus-ldap-realm-plugin:2.14.2-01" was successful.
2017-01-04 11:52:14,504+0000 INFO  [jetty-main-1] *SYSTEM org.sonatype.nexus.NxApplication - Plugin manager request "ACTIVATE" on plugin "com.sonatype.nexus.plugins:nexus-nuget-plugin:2.14.2-01" was successful.
2017-01-04 11:52:14,504+0000 INFO  [jetty-main-1] *SYSTEM org.sonatype.nexus.NxApplication - Plugin manager request "ACTIVATE" on plugin "org.sonatype.nexus.plugins:nexus-restlet1x-plugin:2.14.2-01" was successful.
2017-01-04 11:52:14,504+0000 INFO  [jetty-main-1] *SYSTEM org.sonatype.nexus.NxApplication - Plugin manager request "ACTIVATE" on plugin "org.sonatype.nexus.plugins:nexus-ruby-plugin:2.14.2-01" was successful.
2017-01-04 11:52:14,504+0000 INFO  [jetty-main-1] *SYSTEM org.sonatype.nexus.NxApplication - Plugin manager request "ACTIVATE" on plugin "org.sonatype.nexus.plugins:nexus-indexer-lucene-plugin:2.14.2-01" was successful.
2017-01-04 11:52:14,504+0000 INFO  [jetty-main-1] *SYSTEM org.sonatype.nexus.NxApplication - Plugin manager request "ACTIVATE" on plugin "org.sonatype.nexus.plugins:nexus-logging-plugin:2.14.2-01" was successful.
2017-01-04 11:52:14,504+0000 INFO  [jetty-main-1] *SYSTEM org.sonatype.nexus.NxApplication - Plugin manager request "ACTIVATE" on plugin "org.sonatype.nexus.plugins:nexus-maven-bridge-plugin:2.14.2-01" was successful.
2017-01-04 11:52:14,504+0000 INFO  [jetty-main-1] *SYSTEM org.sonatype.nexus.NxApplication - Plugin manager request "ACTIVATE" on plugin "com.sonatype.nexus.plugins:nexus-healthcheck-oss-plugin:2.14.2-01" was successful.
2017-01-04 11:52:14,504+0000 INFO  [jetty-main-1] *SYSTEM org.sonatype.nexus.NxApplication - Plugin manager request "ACTIVATE" on plugin "com.sonatype.nexus.plugins:nexus-migrationagent-plugin:2.14.2-01" was successful.
2017-01-04 11:52:14,504+0000 INFO  [jetty-main-1] *SYSTEM org.sonatype.nexus.NxApplication - Plugin manager request "ACTIVATE" on plugin "org.sonatype.nexus.plugins:nexus-rrb-plugin:2.14.2-01" was successful.
2017-01-04 11:52:14,504+0000 INFO  [jetty-main-1] *SYSTEM org.sonatype.nexus.NxApplication - Plugin manager request "ACTIVATE" on plugin "com.sonatype.nexus.plugins:nexus-analytics-plugin:2.14.2-01" was successful.
2017-01-04 11:52:14,504+0000 INFO  [jetty-main-1] *SYSTEM org.sonatype.nexus.NxApplication - Plugin manager request "ACTIVATE" on plugin "org.sonatype.nexus.plugins:nexus-timeline-plugin:2.14.2-01" was successful.
2017-01-04 11:52:14,505+0000 INFO  [jetty-main-1] *SYSTEM org.sonatype.nexus.NxApplication - Plugin manager request "ACTIVATE" on plugin "org.sonatype.nexus.plugins:nexus-plugin-console-plugin:2.14.2-01" was successful.
2017-01-04 11:52:14,505+0000 INFO  [jetty-main-1] *SYSTEM org.sonatype.nexus.NxApplication - Plugin manager request "ACTIVATE" on plugin "com.sonatype.nexus.plugins:nexus-outreach-plugin:2.14.2-01" was successful.
2017-01-04 11:52:14,505+0000 INFO  [jetty-main-1] *SYSTEM org.sonatype.nexus.NxApplication - Plugin manager request "ACTIVATE" on plugin "org.sonatype.nexus.plugins:nexus-h2-plugin:2.14.2-01" was successful.
2017-01-04 11:52:14,505+0000 INFO  [jetty-main-1] *SYSTEM org.sonatype.nexus.NxApplication - Plugin manager request "ACTIVATE" on plugin "org.sonatype.nexus.plugins:nexus-ui-extjs3-plugin:2.14.2-01" was successful.
2017-01-04 11:52:14,505+0000 INFO  [jetty-main-1] *SYSTEM org.sonatype.nexus.NxApplication - Plugin manager request "ACTIVATE" on plugin "org.sonatype.nexus.plugins:nexus-siesta-plugin:2.14.2-01" was successful.
2017-01-04 11:52:14,505+0000 INFO  [jetty-main-1] *SYSTEM org.sonatype.nexus.NxApplication - Plugin manager request "ACTIVATE" on plugin "org.sonatype.nexus.plugins:nexus-atlas-plugin:2.14.2-01" was successful.
2017-01-04 11:52:14,505+0000 INFO  [jetty-main-1] *SYSTEM org.sonatype.nexus.NxApplication - Plugin manager request "ACTIVATE" on plugin "org.sonatype.nexus.plugins:nexus-archetype-plugin:2.14.2-01" was successful.
2017-01-04 11:52:14,505+0000 INFO  [jetty-main-1] *SYSTEM org.sonatype.nexus.NxApplication - Plugin manager request "ACTIVATE" on plugin "org.sonatype.nexus.plugins:nexus-groovy-plugin:2.14.2-01" was successful.
2017-01-04 11:52:14,505+0000 INFO  [jetty-main-1] *SYSTEM org.sonatype.nexus.NxApplication - Plugin manager request "ACTIVATE" on plugin "org.sonatype.nexus.plugins:nexus-crypto-plugin:2.14.2-01" was successful.
2017-01-04 11:52:14,505+0000 INFO  [jetty-main-1] *SYSTEM org.sonatype.nexus.NxApplication - Plugin manager request "ACTIVATE" on plugin "org.sonatype.nexus.plugins:nexus-rutauth-plugin:2.14.2-01" was successful.
2017-01-04 11:52:14,505+0000 INFO  [jetty-main-1] *SYSTEM org.sonatype.nexus.NxApplication - Plugin manager request "ACTIVATE" on plugin "org.sonatype.nexus.plugins:nexus-content-plugin:2.14.2-01" was successful.
2017-01-04 11:52:14,505+0000 INFO  [jetty-main-1] *SYSTEM org.sonatype.nexus.NxApplication - Plugin manager request "ACTIVATE" on plugin "org.sonatype.nexus.plugins:nexus-lvo-plugin:2.14.2-01" was successful.
2017-01-04 11:52:14,505+0000 INFO  [jetty-main-1] *SYSTEM org.sonatype.nexus.events.EventSubscriberHost - Starting
2017-01-04 11:52:15,449+0000 INFO  [jetty-main-1] *SYSTEM org.sonatype.nexus.timeline.DefaultNexusTimeline - Initializing Nexus Timeline...
2017-01-04 11:52:15,478+0000 INFO  [jetty-main-1] *SYSTEM org.sonatype.nexus.timeline.DefaultNexusTimeline - Starting Nexus Timeline...
2017-01-04 11:52:17,068+0000 INFO  [jetty-main-1] *SYSTEM org.sonatype.timeline.internal.DefaultTimeline - Started Timeline...
2017-01-04 11:52:21,435+0000 INFO  [jetty-main-1] *SYSTEM org.sonatype.nexus.apachehttpclient.Hc4ProviderImpl - Started (connectionPoolMaxSize 200, connectionPoolSize 20, connectionPoolIdleTime 30000 ms, connectionPoolTimeout 30000 ms, keepAliveMaxDuration 30000 ms)
2017-01-04 11:52:26,631+0000 INFO  [jetty-main-1] *SYSTEM org.sonatype.nexus.orient.DatabaseServerImpl - OrientDB version: 2.1.14
2017-01-04 11:52:26,936+0000 INFO  [jetty-main-1] *SYSTEM com.orientechnologies.orient.server.OServer - OrientDB Server v2.1.14 is starting up...
2017-01-04 11:52:27,040+0000 INFO  [jetty-main-1] *SYSTEM com.orientechnologies.orient.server.OServer - Databases directory: /sonatype-work/db
2017-01-04 11:52:27,103+0000 INFO  [jetty-main-1] *SYSTEM com.orientechnologies.orient.server.handler.OJMXPlugin - JMX plugin installed and active: profilerManaged=true
2017-01-04 11:52:27,104+0000 INFO  [jetty-main-1] *SYSTEM com.orientechnologies.orient.server.OServer - OrientDB Server v2.1.14 is active.
2017-01-04 11:52:27,104+0000 INFO  [jetty-main-1] *SYSTEM org.sonatype.nexus.orient.DatabaseServerImpl - Activated
2017-01-04 11:52:27,104+0000 INFO  [jetty-main-1] *SYSTEM org.sonatype.nexus.configuration.application.DefaultNexusConfiguration - Loading Nexus Configuration...
2017-01-04 11:52:27,262+0000 INFO  [jetty-main-1] *SYSTEM org.sonatype.nexus.configuration.source.StaticConfigurationSource - Configuration loaded successfully.
2017-01-04 11:52:27,262+0000 WARN  [jetty-main-1] *SYSTEM org.sonatype.nexus.configuration.source.FileConfigurationSource - No configuration file in place, copying the default one and continuing with it.
2017-01-04 11:52:27,923+0000 INFO  [jetty-main-1] *SYSTEM org.sonatype.nexus.configuration.source.FileConfigurationSource - Configuration loaded successfully.
2017-01-04 11:52:28,020+0000 INFO  [jetty-main-1] *SYSTEM org.sonatype.nexus.configuration.source.FileConfigurationSource - Nexus configuration validated successfully.
2017-01-04 11:52:28,293+0000 INFO  [jetty-main-1] *SYSTEM org.sonatype.nexus.configuration.application.DefaultNexusConfiguration - Applying Nexus Configuration...
2017-01-04 11:52:28,459+0000 INFO  [jetty-main-1] *SYSTEM org.sonatype.security.configuration.source.FileSecurityConfigurationSource - Loading Security configuration from /sonatype-work/conf/security-configuration.xml
2017-01-04 11:52:28,587+0000 INFO  [jetty-main-1] *SYSTEM org.apache.shiro.cache.ehcache.EhCacheManager - Cache with name 'XmlAuthenticatingRealm.authorizationCache' does not yet exist.  Creating now.
2017-01-04 11:52:28,592+0000 INFO  [jetty-main-1] *SYSTEM org.apache.shiro.cache.ehcache.EhCacheManager - Added EhCache named [XmlAuthenticatingRealm.authorizationCache]
2017-01-04 11:52:28,593+0000 INFO  [jetty-main-1] *SYSTEM org.apache.shiro.cache.ehcache.EhCacheManager - Cache with name 'XmlAuthorizingRealm.authorizationCache' does not yet exist.  Creating now.
2017-01-04 11:52:28,605+0000 INFO  [jetty-main-1] *SYSTEM org.apache.shiro.cache.ehcache.EhCacheManager - Added EhCache named [XmlAuthorizingRealm.authorizationCache]
2017-01-04 11:52:29,249+0000 INFO  [jetty-main-1] *SYSTEM org.sonatype.nexus.proxy.attributes.DefaultLSAttributeStorage - Default FS AttributeStorage in place, using JacksonJSON marshaller. 
2017-01-04 11:52:32,643+0000 INFO  [jetty-main-1] *SYSTEM org.sonatype.nexus.proxy.registry.DefaultRepositoryRegistry - Added repository "Central" [id=central][contentClass=Maven2][mainFacet=org.sonatype.nexus.proxy.maven.MavenProxyRepository]
2017-01-04 11:52:32,757+0000 INFO  [jetty-main-1] *SYSTEM org.sonatype.nexus.proxy.registry.DefaultRepositoryRegistry - Added repository "Apache Snapshots" [id=apache-snapshots][contentClass=Maven2][mainFacet=org.sonatype.nexus.proxy.maven.MavenProxyRepository]
2017-01-04 11:52:32,827+0000 INFO  [jetty-main-1] *SYSTEM org.sonatype.nexus.proxy.registry.DefaultRepositoryRegistry - Added repository "Releases" [id=releases][contentClass=Maven2][mainFacet=org.sonatype.nexus.proxy.maven.MavenHostedRepository]
2017-01-04 11:52:32,959+0000 INFO  [jetty-main-1] *SYSTEM org.sonatype.nexus.proxy.registry.DefaultRepositoryRegistry - Added repository "Snapshots" [id=snapshots][contentClass=Maven2][mainFacet=org.sonatype.nexus.proxy.maven.MavenHostedRepository]
2017-01-04 11:52:33,034+0000 INFO  [jetty-main-1] *SYSTEM org.sonatype.nexus.proxy.registry.DefaultRepositoryRegistry - Added repository "3rd party" [id=thirdparty][contentClass=Maven2][mainFacet=org.sonatype.nexus.proxy.maven.MavenHostedRepository]
2017-01-04 11:52:33,076+0000 INFO  [jetty-main-1] *SYSTEM org.sonatype.nexus.proxy.registry.DefaultRepositoryRegistry - Added repository "Central M1 shadow" [id=central-m1][contentClass=Maven1][mainFacet=org.sonatype.nexus.proxy.maven.MavenShadowRepository]
2017-01-04 11:52:33,233+0000 INFO  [jetty-main-1] *SYSTEM org.sonatype.nexus.proxy.registry.DefaultRepositoryRegistry - Added repository "Public Repositories" [id=public][contentClass=Maven2][mainFacet=org.sonatype.nexus.proxy.repository.GroupRepository]
2017-01-04 11:52:33,233+0000 INFO  [jetty-main-1] *SYSTEM org.sonatype.scheduling.DefaultScheduler - Initializing Scheduler...
2017-01-04 11:52:33,233+0000 INFO  [jetty-main-1] *SYSTEM org.sonatype.nexus.scheduling.internal.DefaultTaskConfigManager - 0 task(s) to load.
2017-01-04 11:52:33,241+0000 INFO  [jetty-main-1] *SYSTEM org.sonatype.nexus.NxApplication - This is 1st start of new Nexus instance.
2017-01-04 11:52:33,242+0000 INFO  [jetty-main-1] *SYSTEM org.sonatype.nexus.NxApplication - Nexus Work Directory : /sonatype-work
2017-01-04 11:52:33,242+0000 INFO  [jetty-main-1] *SYSTEM org.sonatype.nexus.NxApplication - Started Nexus Repository Manager OSS 2.14.2-01
2017-01-04 11:52:33,307+0000 INFO  [jetty-main-1] *SYSTEM org.sonatype.nexus.proxy.targets.DefaultTargetRegistryEventInspector - Adding default target for site content class
2017-01-04 11:52:33,307+0000 INFO  [jetty-main-1] *SYSTEM org.sonatype.nexus.proxy.targets.DefaultTargetRegistryEventInspector - Adding default target for npm content class
2017-01-04 11:52:33,307+0000 INFO  [jetty-main-1] *SYSTEM org.sonatype.nexus.proxy.targets.DefaultTargetRegistryEventInspector - Adding default target for nuget content class
2017-01-04 11:52:33,308+0000 INFO  [jetty-main-1] *SYSTEM org.sonatype.nexus.proxy.targets.DefaultTargetRegistryEventInspector - Adding default target for rubygems content class
2017-01-04 11:52:33,358+0000 INFO  [jetty-main-1] *SYSTEM org.sonatype.nexus.configuration.application.DefaultNexusConfiguration - Applying Nexus Configuration due to changes in [Repository Target Registry]...
2017-01-04 11:52:33,947+0000 INFO  [ar-4-thread-2] *SYSTEM org.sonatype.nexus.proxy.maven.routing.internal.ManagerImpl - Updated and published prefix file of "Snapshots" [id=snapshots]
2017-01-04 11:52:33,947+0000 INFO  [ar-4-thread-5] *SYSTEM org.sonatype.nexus.proxy.maven.routing.internal.ManagerImpl - Updated and published prefix file of "3rd party" [id=thirdparty]
2017-01-04 11:52:33,947+0000 INFO  [ar-4-thread-4] *SYSTEM org.sonatype.nexus.proxy.maven.routing.internal.ManagerImpl - Updated and published prefix file of "Releases" [id=releases]
2017-01-04 11:52:38,147+0000 INFO  [ar-4-thread-1] *SYSTEM org.sonatype.nexus.proxy.storage.remote.httpclient.HttpClientRemoteStorage - Initializing remote transport for proxy repository "Apache Snapshots" [id=apache-snapshots]...
2017-01-04 11:52:38,179+0000 INFO  [ar-4-thread-3] *SYSTEM org.sonatype.nexus.proxy.storage.remote.httpclient.HttpClientRemoteStorage - Initializing remote transport for proxy repository "Central" [id=central]...
2017-01-04 11:52:38,642+0000 INFO  [jetty-main-1] *SYSTEM com.sonatype.nexus.plugins.nuget.odata.NugetODataGalleryMigrator - Starting Nuget DB migration.
2017-01-04 11:52:38,652+0000 INFO  [jetty-main-1] *SYSTEM com.sonatype.nexus.plugins.nuget.odata.NugetODataGalleryMigrator - Starting Nuget DB migration to version 1
2017-01-04 11:52:38,664+0000 INFO  [jetty-main-1] *SYSTEM com.sonatype.nexus.plugins.nuget.odata.NugetODataGalleryMigrator - Completed Nuget DB migration to version 1
2017-01-04 11:52:38,665+0000 INFO  [jetty-main-1] *SYSTEM com.sonatype.nexus.plugins.nuget.odata.NugetODataGalleryMigrator - Starting Nuget DB migration to version 2
2017-01-04 11:52:38,673+0000 INFO  [jetty-main-1] *SYSTEM com.sonatype.nexus.plugins.nuget.odata.NugetODataGalleryMigrator - Completed Nuget DB migration to version 2
2017-01-04 11:52:38,674+0000 INFO  [jetty-main-1] *SYSTEM com.sonatype.nexus.plugins.nuget.odata.NugetODataGalleryMigrator - Starting Nuget DB migration to version 3
2017-01-04 11:52:38,675+0000 INFO  [jetty-main-1] *SYSTEM com.sonatype.nexus.plugins.nuget.odata.NugetODataGalleryMigrator - Completed Nuget DB migration to version 3
2017-01-04 11:52:38,716+0000 INFO  [jetty-main-1] *SYSTEM com.sonatype.nexus.plugins.nuget.odata.NugetODataGalleryMigrator - Starting Nuget DB migration to version 4
2017-01-04 11:52:38,753+0000 INFO  [jetty-main-1] *SYSTEM com.sonatype.nexus.plugins.nuget.odata.NugetODataGalleryMigrator - Completed Nuget DB migration to version 4
2017-01-04 11:52:38,765+0000 INFO  [jetty-main-1] *SYSTEM com.sonatype.nexus.plugins.nuget.odata.NugetODataGalleryMigrator - Starting Nuget DB migration to version 5
2017-01-04 11:52:38,817+0000 INFO  [jetty-main-1] *SYSTEM com.sonatype.nexus.plugins.nuget.odata.NugetODataGalleryMigrator - Completed Nuget DB migration to version 5
2017-01-04 11:52:38,818+0000 INFO  [jetty-main-1] *SYSTEM com.sonatype.nexus.plugins.nuget.odata.NugetODataGalleryMigrator - Starting Nuget DB migration to version 6
2017-01-04 11:52:38,841+0000 INFO  [jetty-main-1] *SYSTEM com.sonatype.nexus.plugins.nuget.odata.NugetODataGalleryMigrator - Completed Nuget DB migration to version 6
2017-01-04 11:52:38,841+0000 INFO  [jetty-main-1] *SYSTEM com.sonatype.nexus.plugins.nuget.odata.NugetODataGalleryMigrator - Starting Nuget DB migration to version 7
2017-01-04 11:52:38,856+0000 INFO  [jetty-main-1] *SYSTEM com.sonatype.nexus.plugins.nuget.odata.NugetODataGalleryMigrator - Completed Nuget DB migration to version 7
2017-01-04 11:52:38,857+0000 INFO  [jetty-main-1] *SYSTEM com.sonatype.nexus.plugins.nuget.odata.NugetODataGalleryMigrator - Starting Nuget DB migration to version 8
2017-01-04 11:52:38,876+0000 INFO  [jetty-main-1] *SYSTEM com.sonatype.nexus.plugins.nuget.odata.NugetODataGalleryMigrator - Completed Nuget DB migration to version 8
2017-01-04 11:52:38,892+0000 INFO  [jetty-main-1] *SYSTEM com.sonatype.nexus.plugins.nuget.odata.NugetODataGalleryMigrator - Starting Nuget DB migration to version 9
2017-01-04 11:52:38,899+0000 INFO  [jetty-main-1] *SYSTEM com.sonatype.nexus.plugins.nuget.odata.NugetODataGalleryMigrator - Completed Nuget DB migration to version 9
2017-01-04 11:52:38,899+0000 INFO  [jetty-main-1] *SYSTEM com.sonatype.nexus.plugins.nuget.odata.NugetODataGalleryMigrator - Completed Nuget DB migration.
2017-01-04 11:52:39,298+0000 INFO  [jetty-main-1] *SYSTEM org.sonatype.nexus.webapp.WebappBootstrap - Initialized
2017-01-04 11:52:39,992+0000 INFO  [ar-4-thread-3] *SYSTEM org.sonatype.nexus.proxy.maven.routing.internal.ManagerImpl - Updated and published prefix file of "Public Repositories" [id=public]
2017-01-04 11:52:41,074+0000 INFO  [jetty-main-1] *SYSTEM org.sonatype.nexus.rest.NexusApplication_UriMatching - Strict URI matching: true
2017-01-04 11:52:41,997+0000 INFO  [jetty-main-1] *SYSTEM org.sonatype.nexus.configuration.ModelUtils - Loading model /sonatype-work/conf/lvo-plugin.xml
2017-01-04 11:52:42,452+0000 INFO  [jetty-main-1] *SYSTEM org.sonatype.nexus.configuration.ModelUtils - Loading model /sonatype-work/conf/ldap.xml
2017-01-04 11:52:44,034+0000 INFO  [jetty-main-1] *SYSTEM org.sonatype.nexus.plugins.siesta.SiestaModule - Resources:
2017-01-04 11:52:44,035+0000 INFO  [jetty-main-1] *SYSTEM org.sonatype.nexus.plugins.siesta.SiestaModule -   /service/siesta/analytics/events
2017-01-04 11:52:44,035+0000 INFO  [jetty-main-1] *SYSTEM org.sonatype.nexus.plugins.siesta.SiestaModule -   /service/siesta/analytics/settings
2017-01-04 11:52:44,035+0000 INFO  [jetty-main-1] *SYSTEM org.sonatype.nexus.plugins.siesta.SiestaModule -   /service/siesta/atlas/security-diagnostic
2017-01-04 11:52:44,035+0000 INFO  [jetty-main-1] *SYSTEM org.sonatype.nexus.plugins.siesta.SiestaModule -   /service/siesta/atlas/support-zip
2017-01-04 11:52:44,035+0000 INFO  [jetty-main-1] *SYSTEM org.sonatype.nexus.plugins.siesta.SiestaModule -   /service/siesta/atlas/system-information
2017-01-04 11:52:44,035+0000 INFO  [jetty-main-1] *SYSTEM org.sonatype.nexus.plugins.siesta.SiestaModule -   /service/siesta/capabilities
2017-01-04 11:52:44,035+0000 INFO  [jetty-main-1] *SYSTEM org.sonatype.nexus.plugins.siesta.SiestaModule -   /service/siesta/capabilities/stores
2017-01-04 11:52:44,035+0000 INFO  [jetty-main-1] *SYSTEM org.sonatype.nexus.plugins.siesta.SiestaModule -   /service/siesta/capabilities/types
2017-01-04 11:52:44,035+0000 INFO  [jetty-main-1] *SYSTEM org.sonatype.nexus.plugins.siesta.SiestaModule -   /service/siesta/healthcheck/gaDetails
2017-01-04 11:52:44,035+0000 INFO  [jetty-main-1] *SYSTEM org.sonatype.nexus.plugins.siesta.SiestaModule -   /service/siesta/healthcheck/gavDetails
2017-01-04 11:52:44,035+0000 INFO  [jetty-main-1] *SYSTEM org.sonatype.nexus.plugins.siesta.SiestaModule -   /service/siesta/healthcheck/healthCheckEula
2017-01-04 11:52:44,035+0000 INFO  [jetty-main-1] *SYSTEM org.sonatype.nexus.plugins.siesta.SiestaModule -   /service/siesta/healthcheck/healthCheckInfo
2017-01-04 11:52:44,035+0000 INFO  [jetty-main-1] *SYSTEM org.sonatype.nexus.plugins.siesta.SiestaModule -   /service/siesta/healthcheck/healthCheckStatus
2017-01-04 11:52:44,035+0000 INFO  [jetty-main-1] *SYSTEM org.sonatype.nexus.plugins.siesta.SiestaModule -   /service/siesta/healthcheck/healthCheckSummary/{repositoryId}/{path:.*}
2017-01-04 11:52:44,035+0000 INFO  [jetty-main-1] *SYSTEM org.sonatype.nexus.plugins.siesta.SiestaModule -   /service/siesta/logging/log
2017-01-04 11:52:44,035+0000 INFO  [jetty-main-1] *SYSTEM org.sonatype.nexus.plugins.siesta.SiestaModule -   /service/siesta/logging/loggers
2017-01-04 11:52:44,035+0000 INFO  [jetty-main-1] *SYSTEM org.sonatype.nexus.plugins.siesta.SiestaModule -   /service/siesta/migrationagent/configuration
2017-01-04 11:52:44,035+0000 INFO  [jetty-main-1] *SYSTEM org.sonatype.nexus.plugins.siesta.SiestaModule -   /service/siesta/migrationagent/repository
2017-01-04 11:52:44,035+0000 INFO  [jetty-main-1] *SYSTEM org.sonatype.nexus.plugins.siesta.SiestaModule -   /service/siesta/migrationagent/repository-changelog
2017-01-04 11:52:44,035+0000 INFO  [jetty-main-1] *SYSTEM org.sonatype.nexus.plugins.siesta.SiestaModule -   /service/siesta/migrationagent/repository-content
2017-01-04 11:52:44,035+0000 INFO  [jetty-main-1] *SYSTEM org.sonatype.nexus.plugins.siesta.SiestaModule -   /service/siesta/migrationagent/repository-migration
2017-01-04 11:52:44,035+0000 INFO  [jetty-main-1] *SYSTEM org.sonatype.nexus.plugins.siesta.SiestaModule -   /service/siesta/migrationagent/status
2017-01-04 11:52:44,035+0000 INFO  [jetty-main-1] *SYSTEM org.sonatype.nexus.plugins.siesta.SiestaModule -   /service/siesta/wonderland/authenticate
2017-01-04 11:52:44,035+0000 INFO  [jetty-main-1] *SYSTEM org.sonatype.nexus.plugins.siesta.SiestaModule -   /service/siesta/wonderland/download
2017-01-04 11:52:44,035+0000 INFO  [jetty-main-1] *SYSTEM org.sonatype.nexus.plugins.siesta.SiestaModule -   /service/siesta/wonderland/settings
2017-01-04 11:52:44,036+0000 INFO  [jetty-main-1] *SYSTEM org.sonatype.nexus.plugins.siesta.SiestaModule - Components:
2017-01-04 11:52:44,036+0000 INFO  [jetty-main-1] *SYSTEM org.sonatype.nexus.plugins.siesta.SiestaModule -   org.sonatype.nexus.plugins.capabilities.internal.rest.CapabilityNotFoundExceptionMapper
2017-01-04 11:52:44,036+0000 INFO  [jetty-main-1] *SYSTEM org.sonatype.nexus.plugins.siesta.SiestaModule -   org.sonatype.nexus.plugins.siesta.AuthorizationExceptionMapper
2017-01-04 11:52:44,036+0000 INFO  [jetty-main-1] *SYSTEM org.sonatype.nexus.plugins.siesta.SiestaModule -   org.sonatype.nexus.plugins.siesta.ErrorStatusRuntimeExceptionMapper
2017-01-04 11:52:44,036+0000 INFO  [jetty-main-1] *SYSTEM org.sonatype.nexus.plugins.siesta.SiestaModule -   org.sonatype.nexus.plugins.siesta.InvalidConfigurationExceptionMapper
2017-01-04 11:52:44,036+0000 INFO  [jetty-main-1] *SYSTEM org.sonatype.nexus.plugins.siesta.SiestaModule -   org.sonatype.nexus.plugins.siesta.NoSuchRepositoryExceptionMapper
2017-01-04 11:52:44,036+0000 INFO  [jetty-main-1] *SYSTEM org.sonatype.nexus.plugins.siesta.SiestaModule -   org.sonatype.sisu.siesta.jackson.JacksonProvider
2017-01-04 11:52:44,036+0000 INFO  [jetty-main-1] *SYSTEM org.sonatype.nexus.plugins.siesta.SiestaModule -   org.sonatype.sisu.siesta.server.internal.mappers.BadRequestExceptionMapper
2017-01-04 11:52:44,036+0000 INFO  [jetty-main-1] *SYSTEM org.sonatype.nexus.plugins.siesta.SiestaModule -   org.sonatype.sisu.siesta.server.internal.mappers.ConstraintViolationExceptionMapper
2017-01-04 11:52:44,036+0000 INFO  [jetty-main-1] *SYSTEM org.sonatype.nexus.plugins.siesta.SiestaModule -   org.sonatype.sisu.siesta.server.internal.mappers.InvalidObjectExceptionMapper
2017-01-04 11:52:44,036+0000 INFO  [jetty-main-1] *SYSTEM org.sonatype.nexus.plugins.siesta.SiestaModule -   org.sonatype.sisu.siesta.server.internal.mappers.ObjectNotFoundExceptionMapper
2017-01-04 11:52:44,036+0000 INFO  [jetty-main-1] *SYSTEM org.sonatype.nexus.plugins.siesta.SiestaModule -   org.sonatype.sisu.siesta.server.internal.mappers.ThrowableExceptionMapper
2017-01-04 11:52:44,036+0000 INFO  [jetty-main-1] *SYSTEM org.sonatype.nexus.plugins.siesta.SiestaModule -   org.sonatype.sisu.siesta.server.internal.mappers.ValidationErrorsExceptionMapper
2017-01-04 11:52:44,036+0000 INFO  [jetty-main-1] *SYSTEM org.sonatype.nexus.plugins.siesta.SiestaModule -   org.sonatype.sisu.siesta.server.internal.mappers.WebApplicationExceptionMapper
2017-01-04 11:52:44,036+0000 INFO  [jetty-main-1] *SYSTEM org.sonatype.nexus.plugins.siesta.SiestaModule -   org.sonatype.sisu.siesta.server.internal.mappers.WebApplicationMessageExceptionMapper
2017-01-04 11:52:46,731+0000 INFO  [jetty-main-1] *SYSTEM org.sonatype.nexus.webresources.internal.WebResourceServiceImpl - Discovered 1971 resources
2017-01-04 11:52:46,737+0000 INFO  [jetty-main-1] *SYSTEM org.sonatype.nexus.webresources.internal.WebResourceServlet - Max-age: 30 days (2592000 seconds)
2017-01-04 11:52:47,199+0000 INFO  [jetty-main-1] *SYSTEM org.sonatype.nexus.bootstrap.jetty.InstrumentedSelectChannelConnector - Metrics enabled
2017-01-04 11:52:47,380+0000 INFO  [jetty-main-1] *SYSTEM org.eclipse.jetty.server.AbstractConnector - Started InstrumentedSelectChannelConnector@0.0.0.0:8081
2017-01-04 11:52:47,380+0000 INFO  [jetty-main-1] *SYSTEM org.sonatype.nexus.bootstrap.jetty.JettyServer - Running
2017-01-04 11:52:47,397+0000 INFO  [main] *SYSTEM org.sonatype.nexus.bootstrap.jetty.JettyServer - Started
2017-01-04 11:58:19,546+0000 INFO  [qtp836514715-51] *SYSTEM org.apache.shiro.nexus5727.FixedDefaultWebSessionManager - Global session timeout: 1800000 ms
2017-01-04 11:58:19,574+0000 INFO  [qtp836514715-51] *SYSTEM org.apache.shiro.session.mgt.AbstractValidatingSessionManager - Enabling session validation scheduler...
2017-01-04 11:58:20,649+0000 INFO  [qtp836514715-51] *UNKNOWN org.sonatype.nexus.velocity.VelocityEngineProvider - Creating Nexus VelocityEngine
2017-01-04 11:58:26,549+0000 WARN  [qtp836514715-50] *UNKNOWN org.sonatype.security.model.source.FileModelConfigurationSource - No configuration file in place, copying the default one and continuing with it.
2017-01-04 11:58:26,616+0000 INFO  [qtp836514715-50] *UNKNOWN org.sonatype.security.model.source.FileModelConfigurationSource - Loading security configuration from: /sonatype-work/conf/security.xml
2017-01-04 11:58:26,686+0000 INFO  [qtp836514715-47] *UNKNOWN /nexus - nexus: [Noelios Restlet Engine] - Attaching application: org.sonatype.nexus.rest.NexusApplication@5a397812 to URI: /nexus/service/local
2017-01-04 11:58:34,079+0000 INFO  [qtp836514715-49] *UNKNOWN org.apache.shiro.cache.ehcache.EhCacheManager - Using existing EHCache named [shiro-activeSessionCache]
2017-01-04 11:58:39,419+0000 INFO  [qtp836514715-47] admin java.util.prefs - Created user preferences directory.
2017-01-04 11:58:53,615+0000 INFO  [qtp836514715-49] admin org.sonatype.nexus.configuration.application.DefaultNexusConfiguration - Applying Nexus Configuration due to changes in [Releases] made by admin...
