--- Copying files at Tue Dec 13 20:57:46 UTC 2016
INSTALLED init.groovy.d/tcp-slave-agent-port.groovy
--- Copying files at Tue Dec 13 20:59:50 UTC 2016
--- Copying files at Tue Dec 13 21:40:50 UTC 2016
--- Copying files at Wed Dec 14 18:45:30 UTC 2016
--- Copying files at Wed Dec 14 18:45:37 UTC 2016
--- Copying files at Wed Dec 14 19:53:44 UTC 2016
--- Copying files at Thu Dec 15 18:34:37 UTC 2016
--- Copying files at Tue Dec 20 21:50:17 UTC 2016
--- Copying files at Wed Dec 21 20:11:21 UTC 2016
--- Copying files at Thu Dec 22 18:49:47 UTC 2016
--- Copying files at Thu Dec 22 21:26:43 UTC 2016
--- Copying files at Mon Dec 26 18:30:04 UTC 2016
--- Copying files at Mon Dec 26 18:58:03 UTC 2016
--- Copying files at Mon Dec 26 19:01:37 UTC 2016
--- Copying files at Tue Dec 27 18:50:28 UTC 2016
--- Copying files at Tue Dec 27 18:50:58 UTC 2016
--- Copying files at Tue Dec 27 18:57:28 UTC 2016
--- Copying files at Tue Dec 27 18:57:59 UTC 2016
--- Copying files at Tue Dec 27 18:58:42 UTC 2016
--- Copying files at Wed Dec 28 18:38:20 UTC 2016
--- Copying files at Fri Dec 30 11:26:15 UTC 2016
--- Copying files at Fri Dec 30 11:30:08 UTC 2016
--- Copying files at Fri Dec 30 11:32:51 UTC 2016
--- Copying files at Sun Jan  1 11:20:13 UTC 2017
--- Copying files at Sun Jan  1 12:33:56 UTC 2017
--- Copying files at Sun Jan  1 13:52:59 UTC 2017
--- Copying files at Sun Jan  1 15:19:17 UTC 2017
--- Copying files at Sun Jan  1 15:33:41 UTC 2017
--- Copying files at Tue Jan  3 08:47:34 UTC 2017
/usr/share/jenkins/ref/init.groovy.d/tcp-slave-agent-port.groovy
 /usr/share/jenkins/ref/init.groovy.d/tcp-slave-agent-port.groovy -> init.groovy.d/tcp-slave-agent-port.groovy
--- Copying files at Tue Jan  3 09:13:27 UTC 2017
/usr/share/jenkins/ref/init.groovy.d/tcp-slave-agent-port.groovy
 /usr/share/jenkins/ref/init.groovy.d/tcp-slave-agent-port.groovy -> init.groovy.d/tcp-slave-agent-port.groovy
--- Copying files at Tue Jan  3 09:25:48 UTC 2017
/usr/share/jenkins/ref/init.groovy.d/tcp-slave-agent-port.groovy
 /usr/share/jenkins/ref/init.groovy.d/tcp-slave-agent-port.groovy -> init.groovy.d/tcp-slave-agent-port.groovy
--- Copying files at Tue Jan  3 09:36:16 UTC 2017
/usr/share/jenkins/ref/init.groovy.d/tcp-slave-agent-port.groovy
 /usr/share/jenkins/ref/init.groovy.d/tcp-slave-agent-port.groovy -> init.groovy.d/tcp-slave-agent-port.groovy
--- Copying files at Tue Jan  3 09:37:24 UTC 2017
/usr/share/jenkins/ref/init.groovy.d/tcp-slave-agent-port.groovy
 /usr/share/jenkins/ref/init.groovy.d/tcp-slave-agent-port.groovy -> init.groovy.d/tcp-slave-agent-port.groovy
--- Copying files at Tue Jan  3 11:09:26 UTC 2017
/usr/share/jenkins/ref/init.groovy.d/tcp-slave-agent-port.groovy
 /usr/share/jenkins/ref/init.groovy.d/tcp-slave-agent-port.groovy -> init.groovy.d/tcp-slave-agent-port.groovy
--- Copying files at Tue Jan  3 13:43:49 UTC 2017
/usr/share/jenkins/ref/init.groovy.d/tcp-slave-agent-port.groovy
 /usr/share/jenkins/ref/init.groovy.d/tcp-slave-agent-port.groovy -> init.groovy.d/tcp-slave-agent-port.groovy
--- Copying files at Tue Jan  3 14:10:07 UTC 2017
/usr/share/jenkins/ref/init.groovy.d/tcp-slave-agent-port.groovy
 /usr/share/jenkins/ref/init.groovy.d/tcp-slave-agent-port.groovy -> init.groovy.d/tcp-slave-agent-port.groovy
--- Copying files at Tue Jan  3 17:28:36 UTC 2017
--- Copying files at Sun Nov 11 14:41:03 UTC 2018
--- Copying files at Wed Nov 14 19:48:40 UTC 2018
